  <testsuite name="blackbox" tests="14" failures="2" time="28.830171283">
    <testcase name="TestMatchQueueConfig" time="0.47743156600000003"></testcase>
    <testcase name="TestRegisterAccount" time="0.10022443"></testcase>
    <testcase name="TestLogin" time="0.22063289200000002"></testcase>
    <testcase name="TestGetMatch" time="0.251282579"></testcase>
    <testcase name="TestGetMatchTimeout" time="5.038164012">
      <failure message="main_test.go:195: Timed out too early. Time in queue: [%!s(float64=4.810019375)]">TBMatch: I151215 10:13:39.984   server| HTTP: 127.0.0.1 POST /rpc/Login tbrpc/1.0&#xA;TBMatch: I151215 10:13:39.984   rpcsrv| [Login] Begin&#xA;TBMatch: I151215 10:13:39.984  session| Login request for testUser-4&#xA;TBMatch: I151215 10:13:39.984  session| Got remote IP: 127.0.0.1&#xA;TBMatch: I151215 10:13:40.084    audit| USER(1): login&#xA;TBMatch: I151215 10:13:40.086 redistore| Found session ID for 1/0: UHNFKO3QLWU6WO4MD52XMEO2YCNBRSSC242ICA3PFB3K7L2ELBOQ&#xA;TBMatch: W151215 10:13:40.086  session| User 1 logged in a new session, expiring current session.&#xA;TBMatch: I151215 10:13:40.087   rpcsrv| [Login] Done (S_SUCCESS, 200, 102ms, 2B, U2CAXQ*)&#xA;TBMatch: I151215 10:13:40.087   server| HTTP: 127.0.0.1 POST /rpc/GetGameSessionTicket tbrpc/1.0&#xA;TBMatch: I151215 10:13:40.089   rpcsrv| [GetGameSessionTicket] Begin&#xA;TBMatch: I151215 10:13:40.089   rpcsrv| [GetGameSessionTicket] Done (S_SUCCESS, 200, 1ms, 182B, U2CAXQ)&#xA;TBMatch: I151215 10:13:40.089   server| HTTP: 127.0.0.1 POST /rpc/Logout tbrpc/1.0&#xA;TBMatch: I151215 10:13:40.092   rpcsrv| [Logout] Begin&#xA;TBMatch: I151215 10:13:40.093   rpcsrv| [Logout] Done (S_SUCCESS, 200, 3ms, 2B, U2CAXQ)&#xA;TBMatch: I151215 10:13:40.094   server| HTTP: 127.0.0.1 POST /rpc/RedeemGameSessionTicket tbrpc/1.0&#xA;TBMatch: I151215 10:13:40.094   rpcsrv| [RedeemGameSessionTicket] Begin&#xA;TBMatch: I151215 10:13:40.095 redistore| Found session ID for 1/100: UHNFKO3QLWU6WO4MD52XMEO2YCNBRSSC242ICA3PFB3K7L2ELBOQ&#xA;TBMatch: W151215 10:13:40.095  session| User 1 logged in a new session, expiring current session.&#xA;TBMatch: I151215 10:13:40.097   rpcsrv| [RedeemGameSessionTicket] Done (S_SUCCESS, 200, 2ms, 2B, 5S4QKQ*)&#xA;TBMatch: I151215 10:13:40.097   server| HTTP: 127.0.0.1 POST /rpc/GetMatchQueueConfig tbrpc/1.0&#xA;TBMatch: I151215 10:13:40.098   server| HTTP: 127.0.0.1 POST /rpc/GetEvent tbrpc/1.0&#xA;TBMatch: I151215 10:13:40.099   rpcsrv| [GetEvent] Begin&#xA;TBMatch: I151215 10:13:40.099   rpcsrv| [GetMatchQueueConfig] Begin&#xA;TBMatch: I151215 10:13:40.103   rpcsrv| [GetEvent] Done (S_SUCCESS, 200, 5ms, 11B, 5S4QKQ)&#xA;TBMatch: I151215 10:13:40.104   server| HTTP: 127.0.0.1 POST /rpc/GetEvent tbrpc/1.0&#xA;TBMatch: I151215 10:13:40.106   rpcsrv| [GetEvent] Begin&#xA;TBMatch: I151215 10:13:40.111   rpcsrv| [GetMatchQueueConfig] Done (S_SUCCESS, 200, 13ms, 351B, 5S4QKQ)&#xA;TBMatch: I151215 10:13:40.111   server| HTTP: 127.0.0.1 POST /rpc/SetMatchQueueConfig tbrpc/1.0&#xA;TBMatch: I151215 10:13:40.113   rpcsrv| [SetMatchQueueConfig] Begin&#xA;TBMatch: I151215 10:13:40.114         | LuaConfig: Set MatchQueue:config:queueTicketTtl -&gt; 5&#xA;TBMatch: I151215 10:13:40.114         | LuaConfig: Set MatchQueue:config:waitTimeoutSec -&gt; 5&#xA;TBMatch: I151215 10:13:40.114   rpcsrv| [SetMatchQueueConfig] Done (S_SUCCESS, 200, 2ms, 2B, 5S4QKQ)&#xA;TBMatch: I151215 10:13:40.114   server| HTTP: 127.0.0.1 POST /rpc/GetMatch tbrpc/1.0&#xA;TBMatch: I151215 10:13:40.117   rpcsrv| [GetMatch] Begin&#xA;TBMatch: E151215 10:13:40.120    match| user 1 Invalid skill estimate SET_NONE. Using standard unrated glicko rating.&#xA;TBMatch: E151215 10:13:40.123    match| Invalid continent code: &#xA;TBMatch: I151215 10:13:40.129   rpcsrv| [GetEvent] Done (S_SUCCESS, 200, 24ms, 29B, 5S4QKQ)&#xA;TBMatch: I151215 10:13:40.129   rpcsrv| [GetMatch] Done (S_SUCCESS, 200, 14ms, 2B, 5S4QKQ)&#xA;TBMatch: I151215 10:13:40.129   server| HTTP: 127.0.0.1 POST /rpc/GetEvent tbrpc/1.0&#xA;TBMatch: I151215 10:13:40.132   rpcsrv| [GetEvent] Begin&#xA;TBMatch: I151215 10:13:40.136   rpcsrv| [GetEvent] Done (S_SUCCESS, 200, 6ms, 29B, 5S4QKQ)&#xA;TBMatch: I151215 10:13:40.137   server| HTTP: 127.0.0.1 POST /rpc/GetEvent tbrpc/1.0&#xA;TBMatch: I151215 10:13:40.139   rpcsrv| [GetEvent] Begin&#xA;TBMatch: I151215 10:13:44.918 redistore| Found session ID for 1/100: RY6FUAXUVGEZ7LQZBXON5HSFJCPSDT47DX4NAIUAB3V73C5S4QKQ&#xA;TBMatch: I151215 10:13:44.920 redistore| Found session ID for 1/100: RY6FUAXUVGEZ7LQZBXON5HSFJCPSDT47DX4NAIUAB3V73C5S4QKQ&#xA;TBMatch: I151215 10:13:44.924   rpcsrv| [GetEvent] Done (S_SUCCESS, 200, 4786ms, 26B, 5S4QKQ)&#xA;**************&#xA;FATAL: Timed out too early. Time in queue: [%!s(float64=4.810019375)]&#xA;**************&#xA;TBMatch: I151215 10:13:44.924   server| HTTP: 127.0.0.1 POST /rpc/GetEvent tbrpc/1.0&#xA;TBMatch: I151215 10:13:44.924   server| HTTP: 127.0.0.1 POST /rpc/SetMatchQueueConfig tbrpc/1.0&#xA;TBMatch: I151215 10:13:44.926   rpcsrv| [GetEvent] Begin&#xA;TBMatch: I151215 10:13:44.926   rpcsrv| [SetMatchQueueConfig] Begin&#xA;TBMatch: I151215 10:13:44.927         | LuaConfig: Set MatchQueue:config:proposalTtl -&gt; 3600&#xA;TBMatch: I151215 10:13:44.927         | LuaConfig: Set MatchQueue:config:queueTicketTtl -&gt; 15&#xA;TBMatch: I151215 10:13:44.927         | LuaConfig: Set MatchQueue:config:selectSize -&gt; 200&#xA;TBMatch: I151215 10:13:44.927         | LuaConfig: Set MatchQueue:config:echelonDistMin -&gt; 0&#xA;TBMatch: I151215 10:13:44.927         | LuaConfig: Set MatchQueue:config:echelonDistMax -&gt; 1&#xA;TBMatch: I151215 10:13:44.928         | LuaConfig: Set MatchQueue:config:echelonDistPerSec -&gt; 0.033&#xA;TBMatch: I151215 10:13:44.928         | LuaConfig: Set MatchQueue:config:echelonScoreCoeff -&gt; 0&#xA;TBMatch: I151215 10:13:44.928         | LuaConfig: Set MatchQueue:config:echelonDistNormalizedMin -&gt; 0&#xA;TBMatch: I151215 10:13:44.928         | LuaConfig: Set MatchQueue:config:echelonDistNormalizedMax -&gt; 1&#xA;TBMatch: I151215 10:13:44.928         | LuaConfig: Set MatchQueue:config:pointDistMin -&gt; 0&#xA;TBMatch: I151215 10:13:44.929         | LuaConfig: Set MatchQueue:config:pointDistMax -&gt; 10000&#xA;TBMatch: I151215 10:13:44.929         | LuaConfig: Set MatchQueue:config:pointDistPerSec -&gt; 1.5&#xA;TBMatch: I151215 10:13:44.929         | LuaConfig: Set MatchQueue:config:pointScoreCoeff -&gt; 0&#xA;TBMatch: I151215 10:13:44.929         | LuaConfig: Set MatchQueue:config:pointDistNormalizedMin -&gt; 100&#xA;TBMatch: I151215 10:13:44.930         | LuaConfig: Set MatchQueue:config:pointDistNormalizedMax -&gt; 1000&#xA;TBMatch: I151215 10:13:44.930         | LuaConfig: Set MatchQueue:config:lastOppExcludeTime -&gt; 15&#xA;TBMatch: I151215 10:13:44.930         | LuaConfig: Set MatchQueue:config:lastOppTimeout -&gt; 900&#xA;TBMatch: I151215 10:13:44.930         | LuaConfig: Set MatchQueue:config:crossContinentExcludeTime -&gt; 60&#xA;TBMatch: I151215 10:13:44.930         | LuaConfig: Set MatchQueue:config:pingScoreMin -&gt; 70&#xA;TBMatch: I151215 10:13:44.931         | LuaConfig: Set MatchQueue:config:pingScoreMax -&gt; 250&#xA;TBMatch: I151215 10:13:44.931         | LuaConfig: Set MatchQueue:config:pingScorePerSec -&gt; 10&#xA;TBMatch: I151215 10:13:44.931         | LuaConfig: Set MatchQueue:config:pingScoreCoeff -&gt; 0&#xA;TBMatch: I151215 10:13:44.931         | LuaConfig: Set MatchQueue:config:pingScoreNormalizedMin -&gt; 70&#xA;TBMatch: I151215 10:13:44.932         | LuaConfig: Set MatchQueue:config:pingScoreNormalizedMax -&gt; 150&#xA;TBMatch: I151215 10:13:44.932         | LuaConfig: Set MatchQueue:config:geoDistMin -&gt; 0&#xA;TBMatch: I151215 10:13:44.932         | LuaConfig: Set MatchQueue:config:geoDistMax -&gt; 2.5e+07&#xA;TBMatch: I151215 10:13:44.932         | LuaConfig: Set MatchQueue:config:geoDistPerSec -&gt; 200000&#xA;TBMatch: I151215 10:13:44.933         | LuaConfig: Set MatchQueue:config:geoScoreCoeff -&gt; 0&#xA;TBMatch: I151215 10:13:44.933         | LuaConfig: Set MatchQueue:config:geoDistNormalizedMin -&gt; 200000&#xA;TBMatch: I151215 10:13:44.933         | LuaConfig: Set MatchQueue:config:geoDistNormalizedMax -&gt; 4e+06&#xA;TBMatch: I151215 10:13:44.933         | LuaConfig: Set MatchQueue:config:ratingDistMin -&gt; 50&#xA;TBMatch: I151215 10:13:44.934         | LuaConfig: Set MatchQueue:config:ratingDistPerSec -&gt; 125&#xA;TBMatch: I151215 10:13:44.934         | LuaConfig: Set MatchQueue:config:ratingScoreCoeff -&gt; 10&#xA;TBMatch: I151215 10:13:44.934         | LuaConfig: Set MatchQueue:config:ratingDistNormalizedMin -&gt; 100&#xA;TBMatch: I151215 10:13:44.934         | LuaConfig: Set MatchQueue:config:ratingDistNormalizedMax -&gt; 650&#xA;TBMatch: I151215 10:13:44.935         | LuaConfig: Set MatchQueue:config:maintenanceMode -&gt; 0&#xA;TBMatch: I151215 10:13:44.935         | LuaConfig: Set MatchQueue:config:activeMatchTimeout -&gt; 7200&#xA;TBMatch: I151215 10:13:44.935         | LuaConfig: Set MatchQueue:config:waitTimeoutSec -&gt; 180&#xA;TBMatch: I151215 10:13:44.936         | LuaConfig: Set MatchQueue:config:xDeprecatedRatingDistMax -&gt; 650&#xA;TBMatch: I151215 10:13:44.936   rpcsrv| [SetMatchQueueConfig] Done (S_SUCCESS, 200, 11ms, 2B, 5S4QKQ)&#xA;TBMatch: I151215 10:13:44.936   server| HTTP: 127.0.0.1 POST /rpc/Logout tbrpc/1.0&#xA;TBMatch: I151215 10:13:44.939   rpcsrv| [Logout] Begin&#xA;TBMatch: E151215 10:13:44.939   lualdr| Script lobby/Leave failed: msg.notInLobby&#xA;TBMatch: E151215 10:13:44.940   server| Failed to notify lobby for session close of 1: msg.notInLobby&#xA;TBMatch: I151215 10:13:44.940   rpcsrv| [Logout] Done (S_SUCCESS, 200, 3ms, 2B, 5S4QKQ)&#xA;</failure>
    </testcase>
    <testcase name="TestCancelGetMatch" time="1.242753654">
      <failure message="main_test.go:241: Got unexpected message when cancelling match: [WAITING]">TBMatch: I151215 10:13:45.100   server| HTTP: 127.0.0.1 POST /rpc/Login tbrpc/1.0&#xA;TBMatch: I151215 10:13:45.101   rpcsrv| [Login] Begin&#xA;TBMatch: I151215 10:13:45.101  session| Login request for testUser-5&#xA;TBMatch: I151215 10:13:45.101  session| Got remote IP: 127.0.0.1&#xA;TBMatch: I151215 10:13:45.197    audit| USER(1): login&#xA;TBMatch: I151215 10:13:45.199 redistore| Found session ID for 1/0: RY6FUAXUVGEZ7LQZBXON5HSFJCPSDT47DX4NAIUAB3V73C5S4QKQ&#xA;TBMatch: W151215 10:13:45.199  session| User 1 logged in a new session, expiring current session.&#xA;TBMatch: I151215 10:13:45.200   rpcsrv| [Login] Done (S_SUCCESS, 200, 99ms, 2B, MKYMZA*)&#xA;TBMatch: E151215 10:13:45.201   rpcsrv| Failed to reload session before update.&#xA;TBMatch: I151215 10:13:45.201   rpcsrv| [GetEvent] Done (S_SUCCESS, 200, 276ms, 62B, 5S4QKQ)&#xA;TBMatch: I151215 10:13:45.201   server| HTTP: 127.0.0.1 POST /rpc/GetGameSessionTicket tbrpc/1.0&#xA;TBMatch: I151215 10:13:45.203   rpcsrv| [GetGameSessionTicket] Begin&#xA;TBMatch: I151215 10:13:45.204   rpcsrv| [GetGameSessionTicket] Done (S_SUCCESS, 200, 2ms, 182B, MKYMZA)&#xA;TBMatch: I151215 10:13:45.204   server| HTTP: 127.0.0.1 POST /rpc/Logout tbrpc/1.0&#xA;TBMatch: I151215 10:13:45.206   rpcsrv| [Logout] Begin&#xA;TBMatch: I151215 10:13:45.207   rpcsrv| [Logout] Done (S_SUCCESS, 200, 2ms, 2B, MKYMZA)&#xA;TBMatch: I151215 10:13:45.208   server| HTTP: 127.0.0.1 POST /rpc/RedeemGameSessionTicket tbrpc/1.0&#xA;TBMatch: I151215 10:13:45.208   rpcsrv| [RedeemGameSessionTicket] Begin&#xA;TBMatch: I151215 10:13:45.209 redistore| Found session ID for 1/100: RY6FUAXUVGEZ7LQZBXON5HSFJCPSDT47DX4NAIUAB3V73C5S4QKQ&#xA;TBMatch: W151215 10:13:45.210  session| User 1 logged in a new session, expiring current session.&#xA;TBMatch: I151215 10:13:45.210   rpcsrv| [RedeemGameSessionTicket] Done (S_SUCCESS, 200, 2ms, 2B, AD4Y6Q*)&#xA;TBMatch: I151215 10:13:45.211   server| HTTP: 127.0.0.1 POST /rpc/GetMatchQueueConfig tbrpc/1.0&#xA;TBMatch: I151215 10:13:45.211   server| HTTP: 127.0.0.1 POST /rpc/GetEvent tbrpc/1.0&#xA;TBMatch: I151215 10:13:45.213   rpcsrv| [GetMatchQueueConfig] Begin&#xA;TBMatch: I151215 10:13:45.213   rpcsrv| [GetEvent] Begin&#xA;TBMatch: I151215 10:13:45.217   rpcsrv| [GetEvent] Done (S_SUCCESS, 200, 5ms, 11B, AD4Y6Q)&#xA;TBMatch: I151215 10:13:45.217   server| HTTP: 127.0.0.1 POST /rpc/GetEvent tbrpc/1.0&#xA;TBMatch: I151215 10:13:45.219   rpcsrv| [GetEvent] Begin&#xA;TBMatch: I151215 10:13:45.223   rpcsrv| [GetMatchQueueConfig] Done (S_SUCCESS, 200, 12ms, 351B, AD4Y6Q)&#xA;TBMatch: I151215 10:13:45.224   server| HTTP: 127.0.0.1 POST /rpc/GetMatch tbrpc/1.0&#xA;TBMatch: I151215 10:13:45.226   rpcsrv| [GetMatch] Begin&#xA;TBMatch: E151215 10:13:45.227    match| user 1 Invalid skill estimate SET_NONE. Using standard unrated glicko rating.&#xA;TBMatch: E151215 10:13:45.229    match| Invalid continent code: &#xA;TBMatch: I151215 10:13:45.233   rpcsrv| [GetEvent] Done (S_SUCCESS, 200, 15ms, 29B, AD4Y6Q)&#xA;TBMatch: I151215 10:13:45.237   rpcsrv| [GetMatch] Done (S_SUCCESS, 200, 13ms, 2B, AD4Y6Q)&#xA;TBMatch: I151215 10:13:45.238   server| HTTP: 127.0.0.1 POST /rpc/GetEvent tbrpc/1.0&#xA;TBMatch: I151215 10:13:45.240   rpcsrv| [GetEvent] Begin&#xA;TBMatch: I151215 10:13:45.244   rpcsrv| [GetEvent] Done (S_SUCCESS, 200, 5ms, 29B, AD4Y6Q)&#xA;TBMatch: I151215 10:13:46.238   server| HTTP: 127.0.0.1 POST /rpc/CancelGetMatch tbrpc/1.0&#xA;TBMatch: I151215 10:13:46.240   rpcsrv| [CancelGetMatch] Begin&#xA;TBMatch: I151215 10:13:46.241   rpcsrv| [CancelGetMatch] Done (S_SUCCESS, 200, 3ms, 2B, AD4Y6Q)&#xA;**************&#xA;FATAL: Got unexpected message when cancelling match: [WAITING]&#xA;**************&#xA;TBMatch: I151215 10:13:46.242   server| HTTP: 127.0.0.1 POST /rpc/SetMatchQueueConfig tbrpc/1.0&#xA;TBMatch: I151215 10:13:46.242   server| HTTP: 127.0.0.1 POST /rpc/GetEvent tbrpc/1.0&#xA;TBMatch: I151215 10:13:46.243   rpcsrv| [GetEvent] Begin&#xA;TBMatch: I151215 10:13:46.243   rpcsrv| [SetMatchQueueConfig] Begin&#xA;TBMatch: I151215 10:13:46.244         | LuaConfig: Set MatchQueue:config:proposalTtl -&gt; 3600&#xA;TBMatch: I151215 10:13:46.244         | LuaConfig: Set MatchQueue:config:queueTicketTtl -&gt; 15&#xA;TBMatch: I151215 10:13:46.244         | LuaConfig: Set MatchQueue:config:selectSize -&gt; 200&#xA;TBMatch: I151215 10:13:46.244         | LuaConfig: Set MatchQueue:config:echelonDistMin -&gt; 0&#xA;TBMatch: I151215 10:13:46.245         | LuaConfig: Set MatchQueue:config:echelonDistMax -&gt; 1&#xA;TBMatch: I151215 10:13:46.245         | LuaConfig: Set MatchQueue:config:echelonDistPerSec -&gt; 0.033&#xA;TBMatch: I151215 10:13:46.245         | LuaConfig: Set MatchQueue:config:echelonScoreCoeff -&gt; 0&#xA;TBMatch: I151215 10:13:46.246         | LuaConfig: Set MatchQueue:config:echelonDistNormalizedMin -&gt; 0&#xA;TBMatch: I151215 10:13:46.246         | LuaConfig: Set MatchQueue:config:echelonDistNormalizedMax -&gt; 1&#xA;TBMatch: I151215 10:13:46.246         | LuaConfig: Set MatchQueue:config:pointDistMin -&gt; 0&#xA;TBMatch: I151215 10:13:46.247         | LuaConfig: Set MatchQueue:config:pointDistMax -&gt; 10000&#xA;TBMatch: I151215 10:13:46.247         | LuaConfig: Set MatchQueue:config:pointDistPerSec -&gt; 1.5&#xA;TBMatch: I151215 10:13:46.247         | LuaConfig: Set MatchQueue:config:pointScoreCoeff -&gt; 0&#xA;TBMatch: I151215 10:13:46.248         | LuaConfig: Set MatchQueue:config:pointDistNormalizedMin -&gt; 100&#xA;TBMatch: I151215 10:13:46.248         | LuaConfig: Set MatchQueue:config:pointDistNormalizedMax -&gt; 1000&#xA;TBMatch: I151215 10:13:46.248         | LuaConfig: Set MatchQueue:config:lastOppExcludeTime -&gt; 15&#xA;TBMatch: I151215 10:13:46.248         | LuaConfig: Set MatchQueue:config:lastOppTimeout -&gt; 900&#xA;TBMatch: I151215 10:13:46.249         | LuaConfig: Set MatchQueue:config:crossContinentExcludeTime -&gt; 60&#xA;TBMatch: I151215 10:13:46.249         | LuaConfig: Set MatchQueue:config:pingScoreMin -&gt; 70&#xA;TBMatch: I151215 10:13:46.249         | LuaConfig: Set MatchQueue:config:pingScoreMax -&gt; 250&#xA;TBMatch: I151215 10:13:46.249   rpcsrv| [GetEvent] Done (S_SUCCESS, 200, 7ms, 26B, AD4Y6Q)&#xA;TBMatch: I151215 10:13:46.250         | LuaConfig: Set MatchQueue:config:pingScorePerSec -&gt; 10&#xA;TBMatch: I151215 10:13:46.250         | LuaConfig: Set MatchQueue:config:pingScoreCoeff -&gt; 0&#xA;TBMatch: I151215 10:13:46.250         | LuaConfig: Set MatchQueue:config:pingScoreNormalizedMin -&gt; 70&#xA;TBMatch: I151215 10:13:46.251         | LuaConfig: Set MatchQueue:config:pingScoreNormalizedMax -&gt; 150&#xA;TBMatch: I151215 10:13:46.251         | LuaConfig: Set MatchQueue:config:geoDistMin -&gt; 0&#xA;TBMatch: I151215 10:13:46.251         | LuaConfig: Set MatchQueue:config:geoDistMax -&gt; 2.5e+07&#xA;TBMatch: I151215 10:13:46.252         | LuaConfig: Set MatchQueue:config:geoDistPerSec -&gt; 200000&#xA;TBMatch: I151215 10:13:46.252         | LuaConfig: Set MatchQueue:config:geoScoreCoeff -&gt; 0&#xA;TBMatch: I151215 10:13:46.252         | LuaConfig: Set MatchQueue:config:geoDistNormalizedMin -&gt; 200000&#xA;TBMatch: I151215 10:13:46.252         | LuaConfig: Set MatchQueue:config:geoDistNormalizedMax -&gt; 4e+06&#xA;TBMatch: I151215 10:13:46.253         | LuaConfig: Set MatchQueue:config:ratingDistMin -&gt; 50&#xA;TBMatch: I151215 10:13:46.253         | LuaConfig: Set MatchQueue:config:ratingDistPerSec -&gt; 125&#xA;TBMatch: I151215 10:13:46.254         | LuaConfig: Set MatchQueue:config:ratingScoreCoeff -&gt; 10&#xA;TBMatch: I151215 10:13:46.254         | LuaConfig: Set MatchQueue:config:ratingDistNormalizedMin -&gt; 100&#xA;TBMatch: I151215 10:13:46.255         | LuaConfig: Set MatchQueue:config:ratingDistNormalizedMax -&gt; 650&#xA;TBMatch: I151215 10:13:46.255         | LuaConfig: Set MatchQueue:config:maintenanceMode -&gt; 0&#xA;TBMatch: I151215 10:13:46.255         | LuaConfig: Set MatchQueue:config:activeMatchTimeout -&gt; 7200&#xA;TBMatch: I151215 10:13:46.255         | LuaConfig: Set MatchQueue:config:waitTimeoutSec -&gt; 180&#xA;TBMatch: I151215 10:13:46.256         | LuaConfig: Set MatchQueue:config:xDeprecatedRatingDistMax -&gt; 650&#xA;TBMatch: I151215 10:13:46.256   rpcsrv| [SetMatchQueueConfig] Done (S_SUCCESS, 200, 13ms, 2B, AD4Y6Q)&#xA;TBMatch: I151215 10:13:46.256   server| HTTP: 127.0.0.1 POST /rpc/Logout tbrpc/1.0&#xA;TBMatch: I151215 10:13:46.258   rpcsrv| [Logout] Begin&#xA;TBMatch: E151215 10:13:46.258   lualdr| Script lobby/Leave failed: msg.notInLobby&#xA;TBMatch: E151215 10:13:46.258   server| Failed to notify lobby for session close of 1: msg.notInLobby&#xA;TBMatch: I151215 10:13:46.259   rpcsrv| [Logout] Done (S_SUCCESS, 200, 3ms, 2B, AD4Y6Q)&#xA;</failure>
    </testcase>
    <testcase name="TestFullMatch" time="3.1483e-05"></testcase>
    <testcase name="TestHandshakeTimeout" time="2.7850000000000003e-05"></testcase>
    <testcase name="TestHandshakeReportTimeout" time="7.220800000000001e-05"></testcase>
    <testcase name="TestGameAndGoodbyeTimeout" time="4.0962000000000005e-05"></testcase>
    <testcase name="TestVarSelectTimeout" time="1.3800000000000002e-05"></testcase>
    <testcase name="TestHighPingBail" time="5.74019875"></testcase>
    <testcase name="TestHighPingSlowResume" time="6.999862112"></testcase>
    <testcase name="TestHighPingTimeout" time="7.014005499"></testcase>
  </testsuite>