  <testsuite name="blackbox" tests="14" failures="2" time="271.466328534">
    <testcase name="TestMatchQueueConfig" time="0.46130702300000004"></testcase>
    <testcase name="TestRegisterAccount" time="0.098013533"></testcase>
    <testcase name="TestLogin" time="0.208660262"></testcase>
    <testcase name="TestGetMatch" time="0.21883370500000002"></testcase>
    <testcase name="TestGetMatchTimeout" time="5.20792461">
      <failure message="main_test.go:197: Timed out too early. Time in queue: [%!s(float64=4.996581889)]">TBMatch: I151215 11:11:08.648   server| HTTP: 127.0.0.1 POST /rpc/Login tbrpc/1.0&#xA;TBMatch: I151215 11:11:08.649   rpcsrv| [Login] Begin&#xA;TBMatch: I151215 11:11:08.649  session| Login request for testUser-4&#xA;TBMatch: I151215 11:11:08.649  session| Got remote IP: 127.0.0.1&#xA;TBMatch: I151215 11:11:08.743    audit| USER(1): login&#xA;TBMatch: I151215 11:11:08.745 redistore| Found session ID for 1/0: U2JU3DZQLWWPKW3ICA2MPHVENEZRXBJ5TDEM7BGJ7AUSMP2PKQUQ&#xA;TBMatch: W151215 11:11:08.746  session| User 1 logged in a new session, expiring current session.&#xA;TBMatch: I151215 11:11:08.746   rpcsrv| [Login] Done (S_SUCCESS, 200, 97ms, 2B, KVDGJA*)&#xA;TBMatch: I151215 11:11:08.747   server| HTTP: 127.0.0.1 POST /rpc/GetGameSessionTicket tbrpc/1.0&#xA;TBMatch: I151215 11:11:08.748   rpcsrv| [GetGameSessionTicket] Begin&#xA;TBMatch: I151215 11:11:08.749   rpcsrv| [GetGameSessionTicket] Done (S_SUCCESS, 200, 1ms, 182B, KVDGJA)&#xA;TBMatch: I151215 11:11:08.749   server| HTTP: 127.0.0.1 POST /rpc/Logout tbrpc/1.0&#xA;TBMatch: I151215 11:11:08.751   rpcsrv| [Logout] Begin&#xA;TBMatch: I151215 11:11:08.751   rpcsrv| [Logout] Done (S_SUCCESS, 200, 2ms, 2B, KVDGJA)&#xA;TBMatch: I151215 11:11:08.752   server| HTTP: 127.0.0.1 POST /rpc/RedeemGameSessionTicket tbrpc/1.0&#xA;TBMatch: I151215 11:11:08.752   rpcsrv| [RedeemGameSessionTicket] Begin&#xA;TBMatch: I151215 11:11:08.753 redistore| Found session ID for 1/100: U2JU3DZQLWWPKW3ICA2MPHVENEZRXBJ5TDEM7BGJ7AUSMP2PKQUQ&#xA;TBMatch: W151215 11:11:08.753  session| User 1 logged in a new session, expiring current session.&#xA;TBMatch: I151215 11:11:08.754   rpcsrv| [RedeemGameSessionTicket] Done (S_SUCCESS, 200, 2ms, 2B, 3AR3PQ*)&#xA;TBMatch: I151215 11:11:08.754   server| HTTP: 127.0.0.1 POST /rpc/GetMatchQueueConfig tbrpc/1.0&#xA;TBMatch: I151215 11:11:08.755   server| HTTP: 127.0.0.1 POST /rpc/GetEvent tbrpc/1.0&#xA;TBMatch: I151215 11:11:08.756   rpcsrv| [GetEvent] Begin&#xA;TBMatch: I151215 11:11:08.756   rpcsrv| [GetMatchQueueConfig] Begin&#xA;TBMatch: I151215 11:11:08.759   rpcsrv| [GetEvent] Done (S_SUCCESS, 200, 3ms, 11B, 3AR3PQ)&#xA;TBMatch: I151215 11:11:08.759   server| HTTP: 127.0.0.1 POST /rpc/GetEvent tbrpc/1.0&#xA;TBMatch: I151215 11:11:08.760   rpcsrv| [GetEvent] Begin&#xA;TBMatch: I151215 11:11:08.763   rpcsrv| [GetMatchQueueConfig] Done (S_SUCCESS, 200, 8ms, 351B, 3AR3PQ)&#xA;TBMatch: I151215 11:11:08.763   server| HTTP: 127.0.0.1 POST /rpc/SetMatchQueueConfig tbrpc/1.0&#xA;TBMatch: I151215 11:11:08.765   rpcsrv| [SetMatchQueueConfig] Begin&#xA;TBMatch: I151215 11:11:08.765         | LuaConfig: Set MatchQueue:config:queueTicketTtl -&gt; 5&#xA;TBMatch: I151215 11:11:08.765         | LuaConfig: Set MatchQueue:config:waitTimeoutSec -&gt; 5&#xA;TBMatch: I151215 11:11:08.765   rpcsrv| [SetMatchQueueConfig] Done (S_SUCCESS, 200, 2ms, 2B, 3AR3PQ)&#xA;TBMatch: I151215 11:11:08.766   server| HTTP: 127.0.0.1 POST /rpc/GetMatch tbrpc/1.0&#xA;TBMatch: I151215 11:11:08.767   rpcsrv| [GetMatch] Begin&#xA;TBMatch: E151215 11:11:08.769    match| user 1 Invalid skill estimate SET_NONE. Using standard unrated glicko rating.&#xA;TBMatch: E151215 11:11:08.771    match| Invalid continent code: &#xA;TBMatch: I151215 11:11:08.773   rpcsrv| [GetEvent] Done (S_SUCCESS, 200, 14ms, 29B, 3AR3PQ)&#xA;TBMatch: I151215 11:11:08.774   rpcsrv| [GetMatch] Done (S_SUCCESS, 200, 8ms, 2B, 3AR3PQ)&#xA;TBMatch: I151215 11:11:08.774   server| HTTP: 127.0.0.1 POST /rpc/GetEvent tbrpc/1.0&#xA;TBMatch: I151215 11:11:08.775   rpcsrv| [GetEvent] Begin&#xA;TBMatch: I151215 11:11:08.778   rpcsrv| [GetEvent] Done (S_SUCCESS, 200, 3ms, 29B, 3AR3PQ)&#xA;TBMatch: I151215 11:11:08.778   server| HTTP: 127.0.0.1 POST /rpc/GetEvent tbrpc/1.0&#xA;TBMatch: I151215 11:11:08.779   rpcsrv| [GetEvent] Begin&#xA;TBMatch: I151215 11:11:13.757 redistore| Found session ID for 1/100: QDC65RSVXUDTB4CCAF45IQFAL4AAUAWS5DZF5ZSSX4BA4W3AR3PQ&#xA;TBMatch: I151215 11:11:13.759 redistore| Found session ID for 1/100: QDC65RSVXUDTB4CCAF45IQFAL4AAUAWS5DZF5ZSSX4BA4W3AR3PQ&#xA;TBMatch: I151215 11:11:13.762   rpcsrv| [GetEvent] Done (S_SUCCESS, 200, 4983ms, 26B, 3AR3PQ)&#xA;**************&#xA;FATAL: Timed out too early. Time in queue: [%!s(float64=4.996581889)]&#xA;**************&#xA;TBMatch: I151215 11:11:13.762   server| HTTP: 127.0.0.1 POST /rpc/GetEvent tbrpc/1.0&#xA;TBMatch: I151215 11:11:13.762   server| HTTP: 127.0.0.1 POST /rpc/SetMatchQueueConfig tbrpc/1.0&#xA;TBMatch: I151215 11:11:13.764   rpcsrv| [GetEvent] Begin&#xA;TBMatch: I151215 11:11:13.764   rpcsrv| [SetMatchQueueConfig] Begin&#xA;TBMatch: I151215 11:11:13.764         | LuaConfig: Set MatchQueue:config:proposalTtl -&gt; 3600&#xA;TBMatch: I151215 11:11:13.765         | LuaConfig: Set MatchQueue:config:queueTicketTtl -&gt; 15&#xA;TBMatch: I151215 11:11:13.765         | LuaConfig: Set MatchQueue:config:selectSize -&gt; 200&#xA;TBMatch: I151215 11:11:13.765         | LuaConfig: Set MatchQueue:config:echelonDistMin -&gt; 0&#xA;TBMatch: I151215 11:11:13.766         | LuaConfig: Set MatchQueue:config:echelonDistMax -&gt; 1&#xA;TBMatch: I151215 11:11:13.766         | LuaConfig: Set MatchQueue:config:echelonDistPerSec -&gt; 0.033&#xA;TBMatch: I151215 11:11:13.766         | LuaConfig: Set MatchQueue:config:echelonScoreCoeff -&gt; 0&#xA;TBMatch: I151215 11:11:13.766         | LuaConfig: Set MatchQueue:config:echelonDistNormalizedMin -&gt; 0&#xA;TBMatch: I151215 11:11:13.767         | LuaConfig: Set MatchQueue:config:echelonDistNormalizedMax -&gt; 1&#xA;TBMatch: I151215 11:11:13.767         | LuaConfig: Set MatchQueue:config:pointDistMin -&gt; 0&#xA;TBMatch: I151215 11:11:13.767         | LuaConfig: Set MatchQueue:config:pointDistMax -&gt; 10000&#xA;TBMatch: I151215 11:11:13.767         | LuaConfig: Set MatchQueue:config:pointDistPerSec -&gt; 1.5&#xA;TBMatch: I151215 11:11:13.767         | LuaConfig: Set MatchQueue:config:pointScoreCoeff -&gt; 0&#xA;TBMatch: I151215 11:11:13.768         | LuaConfig: Set MatchQueue:config:pointDistNormalizedMin -&gt; 100&#xA;TBMatch: I151215 11:11:13.768         | LuaConfig: Set MatchQueue:config:pointDistNormalizedMax -&gt; 1000&#xA;TBMatch: I151215 11:11:13.768         | LuaConfig: Set MatchQueue:config:lastOppExcludeTime -&gt; 15&#xA;TBMatch: I151215 11:11:13.768         | LuaConfig: Set MatchQueue:config:lastOppTimeout -&gt; 900&#xA;TBMatch: I151215 11:11:13.768         | LuaConfig: Set MatchQueue:config:crossContinentExcludeTime -&gt; 60&#xA;TBMatch: I151215 11:11:13.768         | LuaConfig: Set MatchQueue:config:pingScoreMin -&gt; 70&#xA;TBMatch: I151215 11:11:13.769         | LuaConfig: Set MatchQueue:config:pingScoreMax -&gt; 250&#xA;TBMatch: I151215 11:11:13.769         | LuaConfig: Set MatchQueue:config:pingScorePerSec -&gt; 10&#xA;TBMatch: I151215 11:11:13.769         | LuaConfig: Set MatchQueue:config:pingScoreCoeff -&gt; 0&#xA;TBMatch: I151215 11:11:13.769         | LuaConfig: Set MatchQueue:config:pingScoreNormalizedMin -&gt; 70&#xA;TBMatch: I151215 11:11:13.769         | LuaConfig: Set MatchQueue:config:pingScoreNormalizedMax -&gt; 150&#xA;TBMatch: I151215 11:11:13.770         | LuaConfig: Set MatchQueue:config:geoDistMin -&gt; 0&#xA;TBMatch: I151215 11:11:13.770         | LuaConfig: Set MatchQueue:config:geoDistMax -&gt; 2.5e+07&#xA;TBMatch: I151215 11:11:13.770         | LuaConfig: Set MatchQueue:config:geoDistPerSec -&gt; 200000&#xA;TBMatch: I151215 11:11:13.770         | LuaConfig: Set MatchQueue:config:geoScoreCoeff -&gt; 0&#xA;TBMatch: I151215 11:11:13.770         | LuaConfig: Set MatchQueue:config:geoDistNormalizedMin -&gt; 200000&#xA;TBMatch: I151215 11:11:13.771         | LuaConfig: Set MatchQueue:config:geoDistNormalizedMax -&gt; 4e+06&#xA;TBMatch: I151215 11:11:13.771         | LuaConfig: Set MatchQueue:config:ratingDistMin -&gt; 50&#xA;TBMatch: I151215 11:11:13.771         | LuaConfig: Set MatchQueue:config:ratingDistPerSec -&gt; 125&#xA;TBMatch: I151215 11:11:13.771         | LuaConfig: Set MatchQueue:config:ratingScoreCoeff -&gt; 10&#xA;TBMatch: I151215 11:11:13.771         | LuaConfig: Set MatchQueue:config:ratingDistNormalizedMin -&gt; 100&#xA;TBMatch: I151215 11:11:13.772         | LuaConfig: Set MatchQueue:config:ratingDistNormalizedMax -&gt; 650&#xA;TBMatch: I151215 11:11:13.772         | LuaConfig: Set MatchQueue:config:maintenanceMode -&gt; 0&#xA;TBMatch: I151215 11:11:13.772         | LuaConfig: Set MatchQueue:config:activeMatchTimeout -&gt; 7200&#xA;TBMatch: I151215 11:11:13.772         | LuaConfig: Set MatchQueue:config:waitTimeoutSec -&gt; 180&#xA;TBMatch: I151215 11:11:13.772         | LuaConfig: Set MatchQueue:config:xDeprecatedRatingDistMax -&gt; 650&#xA;TBMatch: I151215 11:11:13.772   rpcsrv| [SetMatchQueueConfig] Done (S_SUCCESS, 200, 10ms, 2B, 3AR3PQ)&#xA;TBMatch: I151215 11:11:13.773   server| HTTP: 127.0.0.1 POST /rpc/Logout tbrpc/1.0&#xA;TBMatch: I151215 11:11:13.774   rpcsrv| [Logout] Begin&#xA;TBMatch: E151215 11:11:13.775   lualdr| Script lobby/Leave failed: msg.notInLobby&#xA;TBMatch: E151215 11:11:13.775   server| Failed to notify lobby for session close of 1: msg.notInLobby&#xA;TBMatch: I151215 11:11:13.775   rpcsrv| [Logout] Done (S_SUCCESS, 200, 2ms, 2B, 3AR3PQ)&#xA;</failure>
    </testcase>
    <testcase name="TestCancelGetMatch" time="1.22291919">
      <failure message="main_test.go:243: Got unexpected message when cancelling match: [WAITING]">TBMatch: I151215 11:11:13.938   server| HTTP: 127.0.0.1 POST /rpc/Login tbrpc/1.0&#xA;TBMatch: I151215 11:11:13.938   rpcsrv| [Login] Begin&#xA;TBMatch: I151215 11:11:13.938  session| Login request for testUser-5&#xA;TBMatch: I151215 11:11:13.938  session| Got remote IP: 127.0.0.1&#xA;TBMatch: I151215 11:11:14.032    audit| USER(1): login&#xA;TBMatch: I151215 11:11:14.034 redistore| Found session ID for 1/0: QDC65RSVXUDTB4CCAF45IQFAL4AAUAWS5DZF5ZSSX4BA4W3AR3PQ&#xA;TBMatch: W151215 11:11:14.034  session| User 1 logged in a new session, expiring current session.&#xA;TBMatch: I151215 11:11:14.035   rpcsrv| [Login] Done (S_SUCCESS, 200, 96ms, 2B, UXDBNQ*)&#xA;TBMatch: I151215 11:11:14.035   server| HTTP: 127.0.0.1 POST /rpc/GetGameSessionTicket tbrpc/1.0&#xA;TBMatch: E151215 11:11:14.035   rpcsrv| Failed to reload session before update.&#xA;TBMatch: I151215 11:11:14.035   rpcsrv| [GetEvent] Done (S_SUCCESS, 200, 273ms, 62B, 3AR3PQ)&#xA;TBMatch: I151215 11:11:14.037   rpcsrv| [GetGameSessionTicket] Begin&#xA;TBMatch: I151215 11:11:14.038   rpcsrv| [GetGameSessionTicket] Done (S_SUCCESS, 200, 2ms, 182B, UXDBNQ)&#xA;TBMatch: I151215 11:11:14.038   server| HTTP: 127.0.0.1 POST /rpc/Logout tbrpc/1.0&#xA;TBMatch: I151215 11:11:14.040   rpcsrv| [Logout] Begin&#xA;TBMatch: I151215 11:11:14.040   rpcsrv| [Logout] Done (S_SUCCESS, 200, 2ms, 2B, UXDBNQ)&#xA;TBMatch: I151215 11:11:14.041   server| HTTP: 127.0.0.1 POST /rpc/RedeemGameSessionTicket tbrpc/1.0&#xA;TBMatch: I151215 11:11:14.041   rpcsrv| [RedeemGameSessionTicket] Begin&#xA;TBMatch: I151215 11:11:14.042 redistore| Found session ID for 1/100: QDC65RSVXUDTB4CCAF45IQFAL4AAUAWS5DZF5ZSSX4BA4W3AR3PQ&#xA;TBMatch: W151215 11:11:14.042  session| User 1 logged in a new session, expiring current session.&#xA;TBMatch: I151215 11:11:14.043   rpcsrv| [RedeemGameSessionTicket] Done (S_SUCCESS, 200, 1ms, 2B, 3GVMFQ*)&#xA;TBMatch: I151215 11:11:14.043   server| HTTP: 127.0.0.1 POST /rpc/GetMatchQueueConfig tbrpc/1.0&#xA;TBMatch: I151215 11:11:14.043   server| HTTP: 127.0.0.1 POST /rpc/GetEvent tbrpc/1.0&#xA;TBMatch: I151215 11:11:14.045   rpcsrv| [GetEvent] Begin&#xA;TBMatch: I151215 11:11:14.045   rpcsrv| [GetMatchQueueConfig] Begin&#xA;TBMatch: I151215 11:11:14.047   rpcsrv| [GetEvent] Done (S_SUCCESS, 200, 4ms, 11B, 3GVMFQ)&#xA;TBMatch: I151215 11:11:14.048   server| HTTP: 127.0.0.1 POST /rpc/GetEvent tbrpc/1.0&#xA;TBMatch: I151215 11:11:14.049   rpcsrv| [GetEvent] Begin&#xA;TBMatch: I151215 11:11:14.052   rpcsrv| [GetMatchQueueConfig] Done (S_SUCCESS, 200, 8ms, 351B, 3GVMFQ)&#xA;TBMatch: I151215 11:11:14.052   server| HTTP: 127.0.0.1 POST /rpc/GetMatch tbrpc/1.0&#xA;TBMatch: I151215 11:11:14.053   rpcsrv| [GetMatch] Begin&#xA;TBMatch: E151215 11:11:14.055    match| user 1 Invalid skill estimate SET_NONE. Using standard unrated glicko rating.&#xA;TBMatch: E151215 11:11:14.057    match| Invalid continent code: &#xA;TBMatch: I151215 11:11:14.060   rpcsrv| [GetEvent] Done (S_SUCCESS, 200, 12ms, 29B, 3GVMFQ)&#xA;TBMatch: I151215 11:11:14.060   rpcsrv| [GetMatch] Done (S_SUCCESS, 200, 8ms, 2B, 3GVMFQ)&#xA;TBMatch: I151215 11:11:14.060   server| HTTP: 127.0.0.1 POST /rpc/GetEvent tbrpc/1.0&#xA;TBMatch: I151215 11:11:14.062   rpcsrv| [GetEvent] Begin&#xA;TBMatch: I151215 11:11:14.064   rpcsrv| [GetEvent] Done (S_SUCCESS, 200, 3ms, 29B, 3GVMFQ)&#xA;TBMatch: I151215 11:11:15.061   server| HTTP: 127.0.0.1 POST /rpc/CancelGetMatch tbrpc/1.0&#xA;TBMatch: I151215 11:11:15.064   rpcsrv| [CancelGetMatch] Begin&#xA;TBMatch: I151215 11:11:15.065   rpcsrv| [CancelGetMatch] Done (S_SUCCESS, 200, 3ms, 2B, 3GVMFQ)&#xA;**************&#xA;FATAL: Got unexpected message when cancelling match: [WAITING]&#xA;**************&#xA;TBMatch: I151215 11:11:15.066   server| HTTP: 127.0.0.1 POST /rpc/GetEvent tbrpc/1.0&#xA;TBMatch: I151215 11:11:15.066   server| HTTP: 127.0.0.1 POST /rpc/SetMatchQueueConfig tbrpc/1.0&#xA;TBMatch: I151215 11:11:15.067   rpcsrv| [GetEvent] Begin&#xA;TBMatch: I151215 11:11:15.067   rpcsrv| [SetMatchQueueConfig] Begin&#xA;TBMatch: I151215 11:11:15.068         | LuaConfig: Set MatchQueue:config:proposalTtl -&gt; 3600&#xA;TBMatch: I151215 11:11:15.068         | LuaConfig: Set MatchQueue:config:queueTicketTtl -&gt; 15&#xA;TBMatch: I151215 11:11:15.068         | LuaConfig: Set MatchQueue:config:selectSize -&gt; 200&#xA;TBMatch: I151215 11:11:15.069         | LuaConfig: Set MatchQueue:config:echelonDistMin -&gt; 0&#xA;TBMatch: I151215 11:11:15.069         | LuaConfig: Set MatchQueue:config:echelonDistMax -&gt; 1&#xA;TBMatch: I151215 11:11:15.069         | LuaConfig: Set MatchQueue:config:echelonDistPerSec -&gt; 0.033&#xA;TBMatch: I151215 11:11:15.069         | LuaConfig: Set MatchQueue:config:echelonScoreCoeff -&gt; 0&#xA;TBMatch: I151215 11:11:15.070         | LuaConfig: Set MatchQueue:config:echelonDistNormalizedMin -&gt; 0&#xA;TBMatch: I151215 11:11:15.070         | LuaConfig: Set MatchQueue:config:echelonDistNormalizedMax -&gt; 1&#xA;TBMatch: I151215 11:11:15.070         | LuaConfig: Set MatchQueue:config:pointDistMin -&gt; 0&#xA;TBMatch: I151215 11:11:15.070         | LuaConfig: Set MatchQueue:config:pointDistMax -&gt; 10000&#xA;TBMatch: I151215 11:11:15.071         | LuaConfig: Set MatchQueue:config:pointDistPerSec -&gt; 1.5&#xA;TBMatch: I151215 11:11:15.071         | LuaConfig: Set MatchQueue:config:pointScoreCoeff -&gt; 0&#xA;TBMatch: I151215 11:11:15.071         | LuaConfig: Set MatchQueue:config:pointDistNormalizedMin -&gt; 100&#xA;TBMatch: I151215 11:11:15.071         | LuaConfig: Set MatchQueue:config:pointDistNormalizedMax -&gt; 1000&#xA;TBMatch: I151215 11:11:15.072         | LuaConfig: Set MatchQueue:config:lastOppExcludeTime -&gt; 15&#xA;TBMatch: I151215 11:11:15.072         | LuaConfig: Set MatchQueue:config:lastOppTimeout -&gt; 900&#xA;TBMatch: I151215 11:11:15.072         | LuaConfig: Set MatchQueue:config:crossContinentExcludeTime -&gt; 60&#xA;TBMatch: I151215 11:11:15.072   rpcsrv| [GetEvent] Done (S_SUCCESS, 200, 6ms, 26B, 3GVMFQ)&#xA;TBMatch: I151215 11:11:15.072         | LuaConfig: Set MatchQueue:config:pingScoreMin -&gt; 70&#xA;TBMatch: I151215 11:11:15.072         | LuaConfig: Set MatchQueue:config:pingScoreMax -&gt; 250&#xA;TBMatch: I151215 11:11:15.073         | LuaConfig: Set MatchQueue:config:pingScorePerSec -&gt; 10&#xA;TBMatch: I151215 11:11:15.073         | LuaConfig: Set MatchQueue:config:pingScoreCoeff -&gt; 0&#xA;TBMatch: I151215 11:11:15.073         | LuaConfig: Set MatchQueue:config:pingScoreNormalizedMin -&gt; 70&#xA;TBMatch: I151215 11:11:15.073         | LuaConfig: Set MatchQueue:config:pingScoreNormalizedMax -&gt; 150&#xA;TBMatch: I151215 11:11:15.074         | LuaConfig: Set MatchQueue:config:geoDistMin -&gt; 0&#xA;TBMatch: I151215 11:11:15.074         | LuaConfig: Set MatchQueue:config:geoDistMax -&gt; 2.5e+07&#xA;TBMatch: I151215 11:11:15.074         | LuaConfig: Set MatchQueue:config:geoDistPerSec -&gt; 200000&#xA;TBMatch: I151215 11:11:15.074         | LuaConfig: Set MatchQueue:config:geoScoreCoeff -&gt; 0&#xA;TBMatch: I151215 11:11:15.074         | LuaConfig: Set MatchQueue:config:geoDistNormalizedMin -&gt; 200000&#xA;TBMatch: I151215 11:11:15.075         | LuaConfig: Set MatchQueue:config:geoDistNormalizedMax -&gt; 4e+06&#xA;TBMatch: I151215 11:11:15.075         | LuaConfig: Set MatchQueue:config:ratingDistMin -&gt; 50&#xA;TBMatch: I151215 11:11:15.075         | LuaConfig: Set MatchQueue:config:ratingDistPerSec -&gt; 125&#xA;TBMatch: I151215 11:11:15.075         | LuaConfig: Set MatchQueue:config:ratingScoreCoeff -&gt; 10&#xA;TBMatch: I151215 11:11:15.075         | LuaConfig: Set MatchQueue:config:ratingDistNormalizedMin -&gt; 100&#xA;TBMatch: I151215 11:11:15.076         | LuaConfig: Set MatchQueue:config:ratingDistNormalizedMax -&gt; 650&#xA;TBMatch: I151215 11:11:15.076         | LuaConfig: Set MatchQueue:config:maintenanceMode -&gt; 0&#xA;TBMatch: I151215 11:11:15.076         | LuaConfig: Set MatchQueue:config:activeMatchTimeout -&gt; 7200&#xA;TBMatch: I151215 11:11:15.077         | LuaConfig: Set MatchQueue:config:waitTimeoutSec -&gt; 180&#xA;TBMatch: I151215 11:11:15.077         | LuaConfig: Set MatchQueue:config:xDeprecatedRatingDistMax -&gt; 650&#xA;TBMatch: I151215 11:11:15.077   rpcsrv| [SetMatchQueueConfig] Done (S_SUCCESS, 200, 10ms, 2B, 3GVMFQ)&#xA;TBMatch: I151215 11:11:15.077   server| HTTP: 127.0.0.1 POST /rpc/Logout tbrpc/1.0&#xA;TBMatch: I151215 11:11:15.081   rpcsrv| [Logout] Begin&#xA;TBMatch: E151215 11:11:15.081   lualdr| Script lobby/Leave failed: msg.notInLobby&#xA;TBMatch: E151215 11:11:15.081   server| Failed to notify lobby for session close of 1: msg.notInLobby&#xA;TBMatch: I151215 11:11:15.082   rpcsrv| [Logout] Done (S_SUCCESS, 200, 4ms, 2B, 3GVMFQ)&#xA;</failure>
    </testcase>
    <testcase name="TestFullMatch" time="7.715707978"></testcase>
    <testcase name="TestHandshakeTimeout" time="61.673446096"></testcase>
    <testcase name="TestHandshakeReportTimeout" time="12.166475144"></testcase>
    <testcase name="TestGameAndGoodbyeTimeout" time="33.161213576"></testcase>
    <testcase name="TestVarSelectTimeout" time="127.979035683"></testcase>
    <testcase name="TestHighPingBail" time="5.815368544"></testcase>
    <testcase name="TestHighPingSlowResume" time="6.96896804"></testcase>
    <testcase name="TestHighPingTimeout" time="6.99167097"></testcase>
  </testsuite>